{"C:\\Users\\34654\\OneDrive\\Documentos\\GitHub\\AdministradorProductos\\Backend\\src\\router.ts": {"path":"C:\\Users\\34654\\OneDrive\\Documentos\\GitHub\\AdministradorProductos\\Backend\\src\\router.ts","statementMap":{"0":{"start":{"line":1,"column":0},"end":{"line":1,"column":32}},"1":{"start":{"line":2,"column":0},"end":{"line":2,"column":41}},"2":{"start":{"line":3,"column":0},"end":{"line":3,"column":132}},"3":{"start":{"line":4,"column":0},"end":{"line":4,"column":66}},"4":{"start":{"line":5,"column":0},"end":{"line":5,"column":66}},"5":{"start":{"line":7,"column":15},"end":{"line":7,"column":23}},"6":{"start":{"line":9,"column":0},"end":{"line":9,"column":null}},"7":{"start":{"line":11,"column":0},"end":{"line":14,"column":null}},"8":{"start":{"line":16,"column":0},"end":{"line":16,"column":null}},"9":{"start":{"line":18,"column":0},"end":{"line":22,"column":null}},"10":{"start":{"line":24,"column":0},"end":{"line":27,"column":null}},"11":{"start":{"line":29,"column":0},"end":{"line":33,"column":null}},"12":{"start":{"line":36,"column":0},"end":{"line":36,"column":null}}},"fnMap":{},"branchMap":{},"s":{"0":2,"1":2,"2":2,"3":2,"4":2,"5":2,"6":2,"7":2,"8":2,"9":2,"10":2,"11":2,"12":2},"f":{},"b":{}}
,"C:\\Users\\34654\\OneDrive\\Documentos\\GitHub\\AdministradorProductos\\Backend\\src\\server.ts": {"path":"C:\\Users\\34654\\OneDrive\\Documentos\\GitHub\\AdministradorProductos\\Backend\\src\\server.ts","statementMap":{"0":{"start":{"line":8,"column":0},"end":{"line":8,"column":7}},"1":{"start":{"line":1,"column":0},"end":{"line":1,"column":27}},"2":{"start":{"line":2,"column":0},"end":{"line":2,"column":29}},"3":{"start":{"line":3,"column":0},"end":{"line":3,"column":29}},"4":{"start":{"line":4,"column":0},"end":{"line":4,"column":28}},"5":{"start":{"line":9,"column":4},"end":{"line":16,"column":5}},"6":{"start":{"line":10,"column":8},"end":{"line":10,"column":null}},"7":{"start":{"line":11,"column":8},"end":{"line":11,"column":null}},"8":{"start":{"line":15,"column":8},"end":{"line":15,"column":null}},"9":{"start":{"line":18,"column":0},"end":{"line":18,"column":null}},"10":{"start":{"line":20,"column":15},"end":{"line":20,"column":24}},"11":{"start":{"line":23,"column":0},"end":{"line":23,"column":null}},"12":{"start":{"line":25,"column":0},"end":{"line":25,"column":36}},"13":{"start":{"line":27,"column":0},"end":{"line":29,"column":null}},"14":{"start":{"line":28,"column":4},"end":{"line":28,"column":null}},"15":{"start":{"line":31,"column":0},"end":{"line":31,"column":null}}},"fnMap":{"0":{"name":"connectDB","decl":{"start":{"line":8,"column":22},"end":{"line":8,"column":31}},"loc":{"start":{"line":8,"column":31},"end":{"line":17,"column":1}}},"1":{"name":"(anonymous_2)","decl":{"start":{"line":27,"column":19},"end":{"line":27,"column":20}},"loc":{"start":{"line":27,"column":32},"end":{"line":29,"column":1}}}},"branchMap":{},"s":{"0":2,"1":2,"2":2,"3":2,"4":2,"5":3,"6":3,"7":2,"8":1,"9":2,"10":2,"11":2,"12":2,"13":2,"14":1,"15":2},"f":{"0":3,"1":1},"b":{}}
,"C:\\Users\\34654\\OneDrive\\Documentos\\GitHub\\AdministradorProductos\\Backend\\src\\config\\db.ts": {"path":"C:\\Users\\34654\\OneDrive\\Documentos\\GitHub\\AdministradorProductos\\Backend\\src\\config\\db.ts","statementMap":{"0":{"start":{"line":1,"column":0},"end":{"line":1,"column":49}},"1":{"start":{"line":2,"column":0},"end":{"line":2,"column":27}},"2":{"start":{"line":3,"column":0},"end":{"line":3,"column":null}},"3":{"start":{"line":4,"column":11},"end":{"line":7,"column":2}},"4":{"start":{"line":8,"column":0},"end":{"line":8,"column":18}}},"fnMap":{},"branchMap":{},"s":{"0":2,"1":2,"2":2,"3":2,"4":2},"f":{},"b":{}}
,"C:\\Users\\34654\\OneDrive\\Documentos\\GitHub\\AdministradorProductos\\Backend\\src\\handlers\\product.ts": {"path":"C:\\Users\\34654\\OneDrive\\Documentos\\GitHub\\AdministradorProductos\\Backend\\src\\handlers\\product.ts","statementMap":{"0":{"start":{"line":2,"column":0},"end":{"line":2,"column":46}},"1":{"start":{"line":5,"column":27},"end":{"line":16,"column":1}},"2":{"start":{"line":7,"column":24},"end":{"line":12,"column":9}},"3":{"start":{"line":13,"column":7},"end":{"line":13,"column":null}},"4":{"start":{"line":5,"column":13},"end":{"line":5,"column":27}},"5":{"start":{"line":17,"column":31},"end":{"line":28,"column":1}},"6":{"start":{"line":19,"column":22},"end":{"line":19,"column":32}},"7":{"start":{"line":20,"column":23},"end":{"line":20,"column":49}},"8":{"start":{"line":22,"column":7},"end":{"line":24,"column":8}},"9":{"start":{"line":23,"column":11},"end":{"line":23,"column":null}},"10":{"start":{"line":26,"column":7},"end":{"line":26,"column":null}},"11":{"start":{"line":17,"column":13},"end":{"line":17,"column":31}},"12":{"start":{"line":31,"column":30},"end":{"line":42,"column":1}},"13":{"start":{"line":39,"column":24},"end":{"line":39,"column":54}},"14":{"start":{"line":40,"column":8},"end":{"line":40,"column":null}},"15":{"start":{"line":31,"column":13},"end":{"line":31,"column":30}},"16":{"start":{"line":44,"column":29},"end":{"line":62,"column":1}},"17":{"start":{"line":48,"column":23},"end":{"line":48,"column":33}},"18":{"start":{"line":49,"column":24},"end":{"line":49,"column":50}},"19":{"start":{"line":51,"column":8},"end":{"line":53,"column":9}},"20":{"start":{"line":52,"column":12},"end":{"line":52,"column":null}},"21":{"start":{"line":57,"column":8},"end":{"line":57,"column":39}},"22":{"start":{"line":58,"column":8},"end":{"line":58,"column":29}},"23":{"start":{"line":60,"column":8},"end":{"line":60,"column":null}},"24":{"start":{"line":44,"column":13},"end":{"line":44,"column":29}},"25":{"start":{"line":63,"column":34},"end":{"line":80,"column":1}},"26":{"start":{"line":66,"column":23},"end":{"line":66,"column":33}},"27":{"start":{"line":67,"column":24},"end":{"line":67,"column":50}},"28":{"start":{"line":69,"column":8},"end":{"line":71,"column":9}},"29":{"start":{"line":70,"column":12},"end":{"line":70,"column":null}},"30":{"start":{"line":75,"column":8},"end":{"line":75,"column":64}},"31":{"start":{"line":76,"column":8},"end":{"line":76,"column":29}},"32":{"start":{"line":78,"column":4},"end":{"line":78,"column":null}},"33":{"start":{"line":63,"column":13},"end":{"line":63,"column":34}},"34":{"start":{"line":82,"column":30},"end":{"line":97,"column":1}},"35":{"start":{"line":85,"column":23},"end":{"line":85,"column":33}},"36":{"start":{"line":86,"column":24},"end":{"line":86,"column":50}},"37":{"start":{"line":88,"column":8},"end":{"line":90,"column":9}},"38":{"start":{"line":89,"column":12},"end":{"line":89,"column":null}},"39":{"start":{"line":94,"column":7},"end":{"line":94,"column":null}},"40":{"start":{"line":95,"column":7},"end":{"line":95,"column":null}},"41":{"start":{"line":82,"column":13},"end":{"line":82,"column":30}}},"fnMap":{"0":{"name":"(anonymous_1)","decl":{"start":{"line":5,"column":27},"end":{"line":5,"column":32}},"loc":{"start":{"line":5,"column":68},"end":{"line":16,"column":1}}},"1":{"name":"(anonymous_2)","decl":{"start":{"line":17,"column":31},"end":{"line":17,"column":36}},"loc":{"start":{"line":17,"column":72},"end":{"line":28,"column":1}}},"2":{"name":"(anonymous_3)","decl":{"start":{"line":31,"column":30},"end":{"line":31,"column":35}},"loc":{"start":{"line":31,"column":71},"end":{"line":42,"column":1}}},"3":{"name":"(anonymous_4)","decl":{"start":{"line":44,"column":29},"end":{"line":44,"column":34}},"loc":{"start":{"line":44,"column":67},"end":{"line":62,"column":1}}},"4":{"name":"(anonymous_5)","decl":{"start":{"line":63,"column":34},"end":{"line":63,"column":39}},"loc":{"start":{"line":63,"column":72},"end":{"line":80,"column":1}}},"5":{"name":"(anonymous_6)","decl":{"start":{"line":82,"column":30},"end":{"line":82,"column":35}},"loc":{"start":{"line":82,"column":68},"end":{"line":97,"column":1}}}},"branchMap":{"0":{"loc":{"start":{"line":22,"column":7},"end":{"line":24,"column":8}},"type":"if","locations":[{"start":{"line":22,"column":7},"end":{"line":24,"column":8}}]},"1":{"loc":{"start":{"line":51,"column":8},"end":{"line":53,"column":9}},"type":"if","locations":[{"start":{"line":51,"column":8},"end":{"line":53,"column":9}}]},"2":{"loc":{"start":{"line":69,"column":8},"end":{"line":71,"column":9}},"type":"if","locations":[{"start":{"line":69,"column":8},"end":{"line":71,"column":9}}]},"3":{"loc":{"start":{"line":88,"column":8},"end":{"line":90,"column":9}},"type":"if","locations":[{"start":{"line":88,"column":8},"end":{"line":90,"column":9}}]}},"s":{"0":2,"1":2,"2":1,"3":1,"4":2,"5":2,"6":2,"7":2,"8":2,"9":1,"10":1,"11":2,"12":2,"13":1,"14":1,"15":2,"16":2,"17":2,"18":2,"19":2,"20":1,"21":1,"22":1,"23":1,"24":2,"25":2,"26":2,"27":2,"28":2,"29":1,"30":1,"31":1,"32":1,"33":2,"34":2,"35":1,"36":1,"37":1,"38":0,"39":1,"40":1,"41":2},"f":{"0":1,"1":2,"2":1,"3":2,"4":2,"5":1},"b":{"0":[1],"1":[1],"2":[1],"3":[0]}}
,"C:\\Users\\34654\\OneDrive\\Documentos\\GitHub\\AdministradorProductos\\Backend\\src\\middleware\\ValidationProduct.ts": {"path":"C:\\Users\\34654\\OneDrive\\Documentos\\GitHub\\AdministradorProductos\\Backend\\src\\middleware\\ValidationProduct.ts","statementMap":{"0":{"start":{"line":2,"column":0},"end":{"line":2,"column":40}},"1":{"start":{"line":3,"column":0},"end":{"line":3,"column":55}},"2":{"start":{"line":7,"column":34},"end":{"line":17,"column":1}},"3":{"start":{"line":8,"column":4},"end":{"line":8,"column":99}},"4":{"start":{"line":9,"column":4},"end":{"line":13,"column":18}},"5":{"start":{"line":12,"column":26},"end":{"line":12,"column":35}},"6":{"start":{"line":15,"column":4},"end":{"line":15,"column":null}},"7":{"start":{"line":7,"column":13},"end":{"line":7,"column":34}}},"fnMap":{"0":{"name":"(anonymous_0)","decl":{"start":{"line":7,"column":34},"end":{"line":7,"column":39}},"loc":{"start":{"line":7,"column":92},"end":{"line":17,"column":1}}},"1":{"name":"(anonymous_1)","decl":{"start":{"line":12,"column":16},"end":{"line":12,"column":17}},"loc":{"start":{"line":12,"column":26},"end":{"line":12,"column":35}}}},"branchMap":{},"s":{"0":2,"1":2,"2":2,"3":9,"4":9,"5":9,"6":9,"7":2},"f":{"0":9,"1":9},"b":{}}
,"C:\\Users\\34654\\OneDrive\\Documentos\\GitHub\\AdministradorProductos\\Backend\\src\\middleware\\handleInputErrors.ts": {"path":"C:\\Users\\34654\\OneDrive\\Documentos\\GitHub\\AdministradorProductos\\Backend\\src\\middleware\\handleInputErrors.ts","statementMap":{"0":{"start":{"line":2,"column":0},"end":{"line":2,"column":52}},"1":{"start":{"line":5,"column":33},"end":{"line":14,"column":1}},"2":{"start":{"line":7,"column":17},"end":{"line":7,"column":38}},"3":{"start":{"line":8,"column":4},"end":{"line":10,"column":5}},"4":{"start":{"line":9,"column":8},"end":{"line":9,"column":null}},"5":{"start":{"line":12,"column":4},"end":{"line":12,"column":null}},"6":{"start":{"line":5,"column":13},"end":{"line":5,"column":33}}},"fnMap":{"0":{"name":"(anonymous_0)","decl":{"start":{"line":5,"column":33},"end":{"line":5,"column":34}},"loc":{"start":{"line":5,"column":85},"end":{"line":14,"column":1}}}},"branchMap":{"0":{"loc":{"start":{"line":8,"column":4},"end":{"line":10,"column":5}},"type":"if","locations":[{"start":{"line":8,"column":4},"end":{"line":10,"column":5}}]}},"s":{"0":2,"1":2,"2":18,"3":18,"4":8,"5":10,"6":2},"f":{"0":18},"b":{"0":[8]}}
,"C:\\Users\\34654\\OneDrive\\Documentos\\GitHub\\AdministradorProductos\\Backend\\src\\models\\Product.models.ts": {"path":"C:\\Users\\34654\\OneDrive\\Documentos\\GitHub\\AdministradorProductos\\Backend\\src\\models\\Product.models.ts","statementMap":{"0":{"start":{"line":1,"column":0},"end":{"line":1,"column":78}},"1":{"start":{"line":7,"column":0},"end":{"line":21,"column":null}},"2":{"start":{"line":11,"column":12},"end":{"line":11,"column":null}},"3":{"start":{"line":15,"column":12},"end":{"line":15,"column":null}},"4":{"start":{"line":20,"column":12},"end":{"line":20,"column":null}},"5":{"start":{"line":7,"column":6},"end":{"line":21,"column":null}},"6":{"start":{"line":23,"column":0},"end":{"line":23,"column":null}}},"fnMap":{},"branchMap":{},"s":{"0":3,"1":3,"2":3,"3":3,"4":3,"5":3,"6":3},"f":{},"b":{}}
}
