TN:
SF:src\router.ts
FNF:0
FNH:0
DA:1,2
DA:2,2
DA:3,2
DA:4,2
DA:5,2
DA:7,2
DA:9,2
DA:11,2
DA:16,2
DA:18,2
DA:24,2
DA:29,2
DA:36,2
LF:13
LH:13
BRF:0
BRH:0
end_of_record
TN:
SF:src\server.ts
FN:8,connectDB
FN:27,(anonymous_2)
FNF:2
FNH:2
FNDA:2,connectDB
FNDA:1,(anonymous_2)
DA:1,2
DA:2,2
DA:3,2
DA:4,2
DA:9,2
DA:10,2
DA:11,1
DA:15,0
DA:18,2
DA:20,2
DA:23,2
DA:25,2
DA:27,2
DA:28,1
DA:31,2
LF:15
LH:14
BRF:0
BRH:0
end_of_record
TN:
SF:src\config\db.ts
FNF:0
FNH:0
DA:1,2
DA:2,2
DA:3,2
DA:4,2
DA:8,2
LF:5
LH:5
BRF:0
BRH:0
end_of_record
TN:
SF:src\handlers\product.ts
FN:5,(anonymous_1)
FN:20,(anonymous_2)
FN:36,(anonymous_3)
FN:52,(anonymous_4)
FN:73,(anonymous_5)
FN:95,(anonymous_6)
FNF:6
FNH:5
FNDA:1,(anonymous_1)
FNDA:2,(anonymous_2)
FNDA:1,(anonymous_3)
FNDA:2,(anonymous_4)
FNDA:0,(anonymous_5)
FNDA:1,(anonymous_6)
DA:2,2
DA:5,2
DA:6,1
DA:8,1
DA:14,1
DA:17,0
DA:20,2
DA:21,2
DA:22,2
DA:23,2
DA:25,2
DA:26,1
DA:29,1
DA:31,0
DA:36,2
DA:43,1
DA:45,1
DA:46,1
DA:48,0
DA:52,2
DA:53,2
DA:56,2
DA:57,2
DA:59,2
DA:60,1
DA:65,1
DA:66,1
DA:68,1
DA:70,0
DA:73,2
DA:74,0
DA:77,0
DA:78,0
DA:80,0
DA:81,0
DA:86,0
DA:87,0
DA:89,0
DA:91,0
DA:95,2
DA:96,1
DA:99,1
DA:100,1
DA:102,1
DA:103,0
DA:108,1
DA:109,1
DA:112,0
LF:48
LH:33
BRDA:25,0,0,1
BRDA:59,1,0,1
BRDA:80,2,0,0
BRDA:102,3,0,0
BRF:4
BRH:2
end_of_record
TN:
SF:src\middleware\ValidationProduct.ts
FN:7,(anonymous_0)
FN:12,(anonymous_1)
FNF:2
FNH:2
FNDA:9,(anonymous_0)
FNDA:9,(anonymous_1)
DA:2,2
DA:3,2
DA:7,2
DA:8,9
DA:9,9
DA:12,9
DA:15,9
LF:7
LH:7
BRF:0
BRH:0
end_of_record
TN:
SF:src\middleware\handleInputErrors.ts
FN:5,(anonymous_0)
FNF:1
FNH:1
FNDA:16,(anonymous_0)
DA:2,2
DA:5,2
DA:7,16
DA:8,16
DA:9,8
DA:12,8
LF:6
LH:6
BRDA:8,0,0,8
BRF:1
BRH:1
end_of_record
TN:
SF:src\models\Product.models.ts
FNF:0
FNH:0
DA:1,2
DA:7,2
DA:11,2
DA:15,2
DA:20,2
DA:23,2
LF:6
LH:6
BRF:0
BRH:0
end_of_record
