TN:
SF:src\router.ts
FNF:0
FNH:0
DA:1,2
DA:2,2
DA:3,2
DA:4,2
DA:5,2
DA:7,2
DA:9,2
DA:11,2
DA:16,2
DA:18,2
DA:24,2
DA:29,2
DA:36,2
LF:13
LH:13
BRF:0
BRH:0
end_of_record
TN:
SF:src\server.ts
FN:8,connectDB
FN:27,(anonymous_2)
FNF:2
FNH:2
FNDA:3,connectDB
FNDA:1,(anonymous_2)
DA:1,2
DA:2,2
DA:3,2
DA:4,2
DA:8,2
DA:9,3
DA:10,3
DA:11,2
DA:15,1
DA:18,2
DA:20,2
DA:23,2
DA:25,2
DA:27,2
DA:28,1
DA:31,2
LF:16
LH:16
BRF:0
BRH:0
end_of_record
TN:
SF:src\config\db.ts
FNF:0
FNH:0
DA:1,2
DA:2,2
DA:3,2
DA:4,2
DA:8,2
LF:5
LH:5
BRF:0
BRH:0
end_of_record
TN:
SF:src\handlers\product.ts
FN:5,(anonymous_1)
FN:17,(anonymous_2)
FN:31,(anonymous_3)
FN:44,(anonymous_4)
FN:63,(anonymous_5)
FN:82,(anonymous_6)
FNF:6
FNH:6
FNDA:1,(anonymous_1)
FNDA:2,(anonymous_2)
FNDA:1,(anonymous_3)
FNDA:2,(anonymous_4)
FNDA:2,(anonymous_5)
FNDA:1,(anonymous_6)
DA:2,2
DA:5,2
DA:7,1
DA:13,1
DA:17,2
DA:19,2
DA:20,2
DA:22,2
DA:23,1
DA:26,1
DA:31,2
DA:39,1
DA:40,1
DA:44,2
DA:48,2
DA:49,2
DA:51,2
DA:52,1
DA:57,1
DA:58,1
DA:60,1
DA:63,2
DA:66,2
DA:67,2
DA:69,2
DA:70,1
DA:75,1
DA:76,1
DA:78,1
DA:82,2
DA:85,1
DA:86,1
DA:88,1
DA:89,0
DA:94,1
DA:95,1
LF:36
LH:35
BRDA:22,0,0,1
BRDA:51,1,0,1
BRDA:69,2,0,1
BRDA:88,3,0,0
BRF:4
BRH:3
end_of_record
TN:
SF:src\middleware\ValidationProduct.ts
FN:7,(anonymous_0)
FN:12,(anonymous_1)
FNF:2
FNH:2
FNDA:9,(anonymous_0)
FNDA:9,(anonymous_1)
DA:2,2
DA:3,2
DA:7,2
DA:8,9
DA:9,9
DA:12,9
DA:15,9
LF:7
LH:7
BRF:0
BRH:0
end_of_record
TN:
SF:src\middleware\handleInputErrors.ts
FN:5,(anonymous_0)
FNF:1
FNH:1
FNDA:18,(anonymous_0)
DA:2,2
DA:5,2
DA:7,18
DA:8,18
DA:9,8
DA:12,10
LF:6
LH:6
BRDA:8,0,0,8
BRF:1
BRH:1
end_of_record
TN:
SF:src\models\Product.models.ts
FNF:0
FNH:0
DA:1,3
DA:7,3
DA:11,3
DA:15,3
DA:20,3
DA:23,3
LF:6
LH:6
BRF:0
BRH:0
end_of_record
