{"C:\\Users\\34654\\OneDrive\\Documentos\\GitHub\\AdministradorProductos\\server\\src\\router.ts": {"path":"C:\\Users\\34654\\OneDrive\\Documentos\\GitHub\\AdministradorProductos\\server\\src\\router.ts","statementMap":{"0":{"start":{"line":1,"column":0},"end":{"line":1,"column":32}},"1":{"start":{"line":2,"column":0},"end":{"line":2,"column":41}},"2":{"start":{"line":3,"column":0},"end":{"line":3,"column":132}},"3":{"start":{"line":4,"column":0},"end":{"line":4,"column":66}},"4":{"start":{"line":5,"column":0},"end":{"line":5,"column":66}},"5":{"start":{"line":7,"column":15},"end":{"line":7,"column":23}},"6":{"start":{"line":214,"column":0},"end":{"line":214,"column":null}},"7":{"start":{"line":216,"column":0},"end":{"line":219,"column":null}},"8":{"start":{"line":221,"column":0},"end":{"line":221,"column":null}},"9":{"start":{"line":223,"column":0},"end":{"line":227,"column":null}},"10":{"start":{"line":229,"column":0},"end":{"line":232,"column":null}},"11":{"start":{"line":234,"column":0},"end":{"line":238,"column":null}},"12":{"start":{"line":241,"column":0},"end":{"line":241,"column":null}}},"fnMap":{},"branchMap":{},"s":{"0":2,"1":2,"2":2,"3":2,"4":2,"5":2,"6":2,"7":2,"8":2,"9":2,"10":2,"11":2,"12":2},"f":{},"b":{}}
,"C:\\Users\\34654\\OneDrive\\Documentos\\GitHub\\AdministradorProductos\\server\\src\\server.ts": {"path":"C:\\Users\\34654\\OneDrive\\Documentos\\GitHub\\AdministradorProductos\\server\\src\\server.ts","statementMap":{"0":{"start":{"line":12,"column":0},"end":{"line":12,"column":7}},"1":{"start":{"line":1,"column":0},"end":{"line":1,"column":28}},"2":{"start":{"line":2,"column":0},"end":{"line":2,"column":41}},"3":{"start":{"line":3,"column":0},"end":{"line":3,"column":27}},"4":{"start":{"line":4,"column":0},"end":{"line":4,"column":43}},"5":{"start":{"line":5,"column":0},"end":{"line":5,"column":43}},"6":{"start":{"line":6,"column":0},"end":{"line":6,"column":30}},"7":{"start":{"line":7,"column":0},"end":{"line":7,"column":30}},"8":{"start":{"line":8,"column":0},"end":{"line":8,"column":29}},"9":{"start":{"line":13,"column":2},"end":{"line":20,"column":3}},"10":{"start":{"line":14,"column":4},"end":{"line":14,"column":28}},"11":{"start":{"line":15,"column":4},"end":{"line":15,"column":14}},"12":{"start":{"line":19,"column":4},"end":{"line":19,"column":70}},"13":{"start":{"line":22,"column":0},"end":{"line":22,"column":12}},"14":{"start":{"line":25,"column":15},"end":{"line":25,"column":24}},"15":{"start":{"line":31,"column":33},"end":{"line":40,"column":2}},"16":{"start":{"line":33,"column":4},"end":{"line":38,"column":5}},"17":{"start":{"line":35,"column":6},"end":{"line":35,"column":27}},"18":{"start":{"line":37,"column":6},"end":{"line":37,"column":43}},"19":{"start":{"line":42,"column":0},"end":{"line":42,"column":30}},"20":{"start":{"line":46,"column":0},"end":{"line":46,"column":null}},"21":{"start":{"line":49,"column":0},"end":{"line":49,"column":27}},"22":{"start":{"line":51,"column":0},"end":{"line":51,"column":36}},"23":{"start":{"line":53,"column":0},"end":{"line":55,"column":3}},"24":{"start":{"line":54,"column":2},"end":{"line":54,"column":33}},"25":{"start":{"line":59,"column":0},"end":{"line":59,"column":67}},"26":{"start":{"line":61,"column":0},"end":{"line":61,"column":22}}},"fnMap":{"0":{"name":"connectDB","decl":{"start":{"line":12,"column":22},"end":{"line":12,"column":31}},"loc":{"start":{"line":12,"column":31},"end":{"line":21,"column":1}}},"1":{"name":"(anonymous_2)","decl":{"start":{"line":32,"column":10},"end":{"line":32,"column":20}},"loc":{"start":{"line":32,"column":36},"end":{"line":39,"column":3}}},"2":{"name":"(anonymous_3)","decl":{"start":{"line":53,"column":19},"end":{"line":53,"column":20}},"loc":{"start":{"line":53,"column":32},"end":{"line":55,"column":1}}}},"branchMap":{"0":{"loc":{"start":{"line":33,"column":4},"end":{"line":38,"column":5}},"type":"if","locations":[{"start":{"line":33,"column":4},"end":{"line":38,"column":5}},{"start":{"line":36,"column":11},"end":{"line":38,"column":5}}]}},"s":{"0":2,"1":2,"2":2,"3":2,"4":2,"5":2,"6":2,"7":2,"8":2,"9":3,"10":3,"11":1,"12":1,"13":2,"14":2,"15":2,"16":19,"17":0,"18":19,"19":2,"20":2,"21":2,"22":2,"23":2,"24":0,"25":2,"26":2},"f":{"0":3,"1":19,"2":0},"b":{"0":[0,19]}}
,"C:\\Users\\34654\\OneDrive\\Documentos\\GitHub\\AdministradorProductos\\server\\src\\config\\db.ts": {"path":"C:\\Users\\34654\\OneDrive\\Documentos\\GitHub\\AdministradorProductos\\server\\src\\config\\db.ts","statementMap":{"0":{"start":{"line":1,"column":0},"end":{"line":1,"column":49}},"1":{"start":{"line":2,"column":0},"end":{"line":2,"column":27}},"2":{"start":{"line":3,"column":0},"end":{"line":3,"column":null}},"3":{"start":{"line":4,"column":11},"end":{"line":7,"column":2}},"4":{"start":{"line":8,"column":0},"end":{"line":8,"column":18}}},"fnMap":{},"branchMap":{},"s":{"0":2,"1":2,"2":2,"3":2,"4":2},"f":{},"b":{}}
,"C:\\Users\\34654\\OneDrive\\Documentos\\GitHub\\AdministradorProductos\\server\\src\\config\\swagger.ts": {"path":"C:\\Users\\34654\\OneDrive\\Documentos\\GitHub\\AdministradorProductos\\server\\src\\config\\swagger.ts","statementMap":{"0":{"start":{"line":2,"column":0},"end":{"line":2,"column":41}},"1":{"start":{"line":4,"column":38},"end":{"line":20,"column":null}},"2":{"start":{"line":22,"column":20},"end":{"line":22,"column":41}},"3":{"start":{"line":24,"column":0},"end":{"line":24,"column":null}}},"fnMap":{},"branchMap":{},"s":{"0":2,"1":2,"2":2,"3":2},"f":{},"b":{}}
,"C:\\Users\\34654\\OneDrive\\Documentos\\GitHub\\AdministradorProductos\\server\\src\\handlers\\product.ts": {"path":"C:\\Users\\34654\\OneDrive\\Documentos\\GitHub\\AdministradorProductos\\server\\src\\handlers\\product.ts","statementMap":{"0":{"start":{"line":2,"column":0},"end":{"line":2,"column":46}},"1":{"start":{"line":5,"column":27},"end":{"line":16,"column":1}},"2":{"start":{"line":7,"column":24},"end":{"line":12,"column":9}},"3":{"start":{"line":13,"column":7},"end":{"line":13,"column":null}},"4":{"start":{"line":5,"column":13},"end":{"line":5,"column":27}},"5":{"start":{"line":17,"column":31},"end":{"line":28,"column":1}},"6":{"start":{"line":19,"column":22},"end":{"line":19,"column":32}},"7":{"start":{"line":20,"column":23},"end":{"line":20,"column":49}},"8":{"start":{"line":22,"column":7},"end":{"line":24,"column":8}},"9":{"start":{"line":23,"column":11},"end":{"line":23,"column":null}},"10":{"start":{"line":26,"column":7},"end":{"line":26,"column":null}},"11":{"start":{"line":17,"column":13},"end":{"line":17,"column":31}},"12":{"start":{"line":31,"column":30},"end":{"line":42,"column":1}},"13":{"start":{"line":39,"column":24},"end":{"line":39,"column":54}},"14":{"start":{"line":40,"column":8},"end":{"line":40,"column":null}},"15":{"start":{"line":31,"column":13},"end":{"line":31,"column":30}},"16":{"start":{"line":44,"column":29},"end":{"line":62,"column":1}},"17":{"start":{"line":48,"column":23},"end":{"line":48,"column":33}},"18":{"start":{"line":49,"column":24},"end":{"line":49,"column":50}},"19":{"start":{"line":51,"column":8},"end":{"line":53,"column":9}},"20":{"start":{"line":52,"column":12},"end":{"line":52,"column":null}},"21":{"start":{"line":57,"column":8},"end":{"line":57,"column":39}},"22":{"start":{"line":58,"column":8},"end":{"line":58,"column":29}},"23":{"start":{"line":60,"column":8},"end":{"line":60,"column":null}},"24":{"start":{"line":44,"column":13},"end":{"line":44,"column":29}},"25":{"start":{"line":63,"column":34},"end":{"line":80,"column":1}},"26":{"start":{"line":66,"column":23},"end":{"line":66,"column":33}},"27":{"start":{"line":67,"column":24},"end":{"line":67,"column":50}},"28":{"start":{"line":69,"column":8},"end":{"line":71,"column":9}},"29":{"start":{"line":70,"column":12},"end":{"line":70,"column":null}},"30":{"start":{"line":75,"column":8},"end":{"line":75,"column":64}},"31":{"start":{"line":76,"column":8},"end":{"line":76,"column":29}},"32":{"start":{"line":78,"column":4},"end":{"line":78,"column":null}},"33":{"start":{"line":63,"column":13},"end":{"line":63,"column":34}},"34":{"start":{"line":82,"column":30},"end":{"line":97,"column":1}},"35":{"start":{"line":85,"column":23},"end":{"line":85,"column":33}},"36":{"start":{"line":86,"column":24},"end":{"line":86,"column":50}},"37":{"start":{"line":88,"column":8},"end":{"line":90,"column":9}},"38":{"start":{"line":89,"column":12},"end":{"line":89,"column":null}},"39":{"start":{"line":94,"column":7},"end":{"line":94,"column":null}},"40":{"start":{"line":95,"column":7},"end":{"line":95,"column":null}},"41":{"start":{"line":82,"column":13},"end":{"line":82,"column":30}}},"fnMap":{"0":{"name":"(anonymous_1)","decl":{"start":{"line":5,"column":27},"end":{"line":5,"column":32}},"loc":{"start":{"line":5,"column":68},"end":{"line":16,"column":1}}},"1":{"name":"(anonymous_2)","decl":{"start":{"line":17,"column":31},"end":{"line":17,"column":36}},"loc":{"start":{"line":17,"column":72},"end":{"line":28,"column":1}}},"2":{"name":"(anonymous_3)","decl":{"start":{"line":31,"column":30},"end":{"line":31,"column":35}},"loc":{"start":{"line":31,"column":71},"end":{"line":42,"column":1}}},"3":{"name":"(anonymous_4)","decl":{"start":{"line":44,"column":29},"end":{"line":44,"column":34}},"loc":{"start":{"line":44,"column":67},"end":{"line":62,"column":1}}},"4":{"name":"(anonymous_5)","decl":{"start":{"line":63,"column":34},"end":{"line":63,"column":39}},"loc":{"start":{"line":63,"column":72},"end":{"line":80,"column":1}}},"5":{"name":"(anonymous_6)","decl":{"start":{"line":82,"column":30},"end":{"line":82,"column":35}},"loc":{"start":{"line":82,"column":68},"end":{"line":97,"column":1}}}},"branchMap":{"0":{"loc":{"start":{"line":22,"column":7},"end":{"line":24,"column":8}},"type":"if","locations":[{"start":{"line":22,"column":7},"end":{"line":24,"column":8}}]},"1":{"loc":{"start":{"line":51,"column":8},"end":{"line":53,"column":9}},"type":"if","locations":[{"start":{"line":51,"column":8},"end":{"line":53,"column":9}}]},"2":{"loc":{"start":{"line":69,"column":8},"end":{"line":71,"column":9}},"type":"if","locations":[{"start":{"line":69,"column":8},"end":{"line":71,"column":9}}]},"3":{"loc":{"start":{"line":88,"column":8},"end":{"line":90,"column":9}},"type":"if","locations":[{"start":{"line":88,"column":8},"end":{"line":90,"column":9}}]}},"s":{"0":2,"1":2,"2":0,"3":0,"4":2,"5":2,"6":0,"7":0,"8":0,"9":0,"10":0,"11":2,"12":2,"13":0,"14":0,"15":2,"16":2,"17":0,"18":0,"19":0,"20":0,"21":0,"22":0,"23":0,"24":2,"25":2,"26":0,"27":0,"28":0,"29":0,"30":0,"31":0,"32":0,"33":2,"34":2,"35":0,"36":0,"37":0,"38":0,"39":0,"40":0,"41":2},"f":{"0":0,"1":0,"2":0,"3":0,"4":0,"5":0},"b":{"0":[0],"1":[0],"2":[0],"3":[0]}}
,"C:\\Users\\34654\\OneDrive\\Documentos\\GitHub\\AdministradorProductos\\server\\src\\middleware\\ValidationProduct.ts": {"path":"C:\\Users\\34654\\OneDrive\\Documentos\\GitHub\\AdministradorProductos\\server\\src\\middleware\\ValidationProduct.ts","statementMap":{"0":{"start":{"line":2,"column":0},"end":{"line":2,"column":40}},"1":{"start":{"line":3,"column":0},"end":{"line":3,"column":55}},"2":{"start":{"line":7,"column":34},"end":{"line":17,"column":1}},"3":{"start":{"line":8,"column":4},"end":{"line":8,"column":99}},"4":{"start":{"line":9,"column":4},"end":{"line":13,"column":18}},"5":{"start":{"line":12,"column":26},"end":{"line":12,"column":35}},"6":{"start":{"line":15,"column":4},"end":{"line":15,"column":null}},"7":{"start":{"line":7,"column":13},"end":{"line":7,"column":34}}},"fnMap":{"0":{"name":"(anonymous_0)","decl":{"start":{"line":7,"column":34},"end":{"line":7,"column":39}},"loc":{"start":{"line":7,"column":92},"end":{"line":17,"column":1}}},"1":{"name":"(anonymous_1)","decl":{"start":{"line":12,"column":16},"end":{"line":12,"column":17}},"loc":{"start":{"line":12,"column":26},"end":{"line":12,"column":35}}}},"branchMap":{},"s":{"0":2,"1":2,"2":2,"3":0,"4":0,"5":0,"6":0,"7":2},"f":{"0":0,"1":0},"b":{}}
,"C:\\Users\\34654\\OneDrive\\Documentos\\GitHub\\AdministradorProductos\\server\\src\\middleware\\handleInputErrors.ts": {"path":"C:\\Users\\34654\\OneDrive\\Documentos\\GitHub\\AdministradorProductos\\server\\src\\middleware\\handleInputErrors.ts","statementMap":{"0":{"start":{"line":2,"column":0},"end":{"line":2,"column":52}},"1":{"start":{"line":5,"column":33},"end":{"line":14,"column":1}},"2":{"start":{"line":7,"column":17},"end":{"line":7,"column":38}},"3":{"start":{"line":8,"column":4},"end":{"line":10,"column":5}},"4":{"start":{"line":9,"column":8},"end":{"line":9,"column":null}},"5":{"start":{"line":12,"column":4},"end":{"line":12,"column":null}},"6":{"start":{"line":5,"column":13},"end":{"line":5,"column":33}}},"fnMap":{"0":{"name":"(anonymous_0)","decl":{"start":{"line":5,"column":33},"end":{"line":5,"column":34}},"loc":{"start":{"line":5,"column":85},"end":{"line":14,"column":1}}}},"branchMap":{"0":{"loc":{"start":{"line":8,"column":4},"end":{"line":10,"column":5}},"type":"if","locations":[{"start":{"line":8,"column":4},"end":{"line":10,"column":5}}]}},"s":{"0":2,"1":2,"2":0,"3":0,"4":0,"5":0,"6":2},"f":{"0":0},"b":{"0":[0]}}
,"C:\\Users\\34654\\OneDrive\\Documentos\\GitHub\\AdministradorProductos\\server\\src\\models\\Product.models.ts": {"path":"C:\\Users\\34654\\OneDrive\\Documentos\\GitHub\\AdministradorProductos\\server\\src\\models\\Product.models.ts","statementMap":{"0":{"start":{"line":1,"column":0},"end":{"line":1,"column":78}},"1":{"start":{"line":7,"column":0},"end":{"line":21,"column":null}},"2":{"start":{"line":11,"column":12},"end":{"line":11,"column":null}},"3":{"start":{"line":15,"column":12},"end":{"line":15,"column":null}},"4":{"start":{"line":20,"column":12},"end":{"line":20,"column":null}},"5":{"start":{"line":7,"column":6},"end":{"line":21,"column":null}},"6":{"start":{"line":23,"column":0},"end":{"line":23,"column":null}}},"fnMap":{},"branchMap":{},"s":{"0":3,"1":3,"2":3,"3":3,"4":3,"5":3,"6":3},"f":{},"b":{}}
}
