TN:
SF:src\router.ts
FNF:0
FNH:0
DA:1,2
DA:2,2
DA:3,2
DA:4,2
DA:5,2
DA:7,2
DA:214,2
DA:216,2
DA:221,2
DA:223,2
DA:229,2
DA:234,2
DA:241,2
LF:13
LH:13
BRF:0
BRH:0
end_of_record
TN:
SF:src\server.ts
FN:12,connectDB
FN:32,(anonymous_2)
FN:53,(anonymous_3)
FNF:3
FNH:2
FNDA:3,connectDB
FNDA:19,(anonymous_2)
FNDA:0,(anonymous_3)
DA:1,2
DA:2,2
DA:3,2
DA:4,2
DA:5,2
DA:6,2
DA:7,2
DA:8,2
DA:12,2
DA:13,3
DA:14,3
DA:15,1
DA:19,1
DA:22,2
DA:25,2
DA:31,2
DA:33,19
DA:35,0
DA:37,19
DA:42,2
DA:46,2
DA:49,2
DA:51,2
DA:53,2
DA:54,0
DA:59,2
DA:61,2
LF:27
LH:25
BRDA:33,0,0,0
BRDA:33,0,1,19
BRF:2
BRH:1
end_of_record
TN:
SF:src\config\db.ts
FNF:0
FNH:0
DA:1,2
DA:2,2
DA:3,2
DA:4,2
DA:8,2
LF:5
LH:5
BRF:0
BRH:0
end_of_record
TN:
SF:src\config\swagger.ts
FNF:0
FNH:0
DA:2,2
DA:4,2
DA:22,2
DA:24,2
LF:4
LH:4
BRF:0
BRH:0
end_of_record
TN:
SF:src\handlers\product.ts
FN:5,(anonymous_1)
FN:17,(anonymous_2)
FN:31,(anonymous_3)
FN:44,(anonymous_4)
FN:63,(anonymous_5)
FN:82,(anonymous_6)
FNF:6
FNH:0
FNDA:0,(anonymous_1)
FNDA:0,(anonymous_2)
FNDA:0,(anonymous_3)
FNDA:0,(anonymous_4)
FNDA:0,(anonymous_5)
FNDA:0,(anonymous_6)
DA:2,2
DA:5,2
DA:7,0
DA:13,0
DA:17,2
DA:19,0
DA:20,0
DA:22,0
DA:23,0
DA:26,0
DA:31,2
DA:39,0
DA:40,0
DA:44,2
DA:48,0
DA:49,0
DA:51,0
DA:52,0
DA:57,0
DA:58,0
DA:60,0
DA:63,2
DA:66,0
DA:67,0
DA:69,0
DA:70,0
DA:75,0
DA:76,0
DA:78,0
DA:82,2
DA:85,0
DA:86,0
DA:88,0
DA:89,0
DA:94,0
DA:95,0
LF:36
LH:7
BRDA:22,0,0,0
BRDA:51,1,0,0
BRDA:69,2,0,0
BRDA:88,3,0,0
BRF:4
BRH:0
end_of_record
TN:
SF:src\middleware\ValidationProduct.ts
FN:7,(anonymous_0)
FN:12,(anonymous_1)
FNF:2
FNH:0
FNDA:0,(anonymous_0)
FNDA:0,(anonymous_1)
DA:2,2
DA:3,2
DA:7,2
DA:8,0
DA:9,0
DA:12,0
DA:15,0
LF:7
LH:3
BRF:0
BRH:0
end_of_record
TN:
SF:src\middleware\handleInputErrors.ts
FN:5,(anonymous_0)
FNF:1
FNH:0
FNDA:0,(anonymous_0)
DA:2,2
DA:5,2
DA:7,0
DA:8,0
DA:9,0
DA:12,0
LF:6
LH:2
BRDA:8,0,0,0
BRF:1
BRH:0
end_of_record
TN:
SF:src\models\Product.models.ts
FNF:0
FNH:0
DA:1,3
DA:7,3
DA:11,3
DA:15,3
DA:20,3
DA:23,3
LF:6
LH:6
BRF:0
BRH:0
end_of_record
